{
  "0 debug pnpm:scope": {
    "selected": 1,
    "workspacePrefix": null
  },
  "1 debug pnpm": {
    "isCaseSensitive": false,
    "store": "/Users/shadow/.pnpm-store/2"
  },
  "2 debug pnpm:package-manifest": {
    "initial": {
      "main": "node_modules/expo/AppEntry.js",
      "scripts": {
        "start": "expo start --dev",
        "android": "expo start --android",
        "ios": "expo start --ios",
        "web": "expo start --web",
        "eject": "expo eject"
      },
      "dependencies": {
        "expo": "android^35.0.0",
        "react": "16.8.3",
        "react-dom": "16.8.3",
        "react-native": "https://github.com/expo/react-native/archive/sdk-35.0.0.tar.gz",
        "react-native-web": "^0.11.7"
      },
      "devDependencies": {
        "babel-preset-expo": "^7.0.0"
      },
      "private": true
    },
    "prefix": "/Users/shadow/Umang/coinswitch/crux-sample-react-native"
  },
  "3 debug pnpm:stage": {
    "prefix": "/Users/shadow/Umang/coinswitch/crux-sample-react-native",
    "stage": "resolution_started"
  },
  "4 debug pnpm:_dependency_resolved": {
    "resolution": "github.com/expo/react-native/archive/sdk-35.0.0.tar.gz",
    "wanted": {
      "name": "react-native",
      "rawSpec": "react-native@https://github.com/expo/react-native/archive/sdk-35.0.0.tar.gz"
    }
  },
  "5 error pnpm": {
    "message": {},
    "err": {
      "name": "Error",
      "message": "Cannot resolve expo@android^35.0.0 packages not supported",
      "stack": "Error: Cannot resolve expo@android^35.0.0 packages not supported\n    at Object.resolve (/usr/local/lib/node_modules/pnpm/lib/node_modules/@pnpm/default-resolver/lib/index.js:16:19)"
    }
  }
}